<?xml version="1.0" encoding="utf-8"?><testsuites name="pytest tests"><testsuite name="pytest" errors="0" failures="0" skipped="0" tests="16" time="4.234" timestamp="2026-08-16T09:13:35.157889+00:00" hostname="agent-env-fbb890fb-02e3-401b-a019-5b524024d904"><testcase classname="tests.test_change_orders.TestCOCreation" name="test_se_create_draft" time="1.936" /><testcase classname="tests.test_change_orders.TestCOCreation" name="test_se_create_submitted" time="0.106" /><testcase classname="tests.test_change_orders.TestCOCreation" name="test_invalid_category" time="0.097" /><testcase classname="tests.test_change_orders.TestCOCreation" name="test_phase_from_other_project" time="0.199" /><testcase classname="tests.test_change_orders.TestCOList" name="test_admin_list" time="0.155" /><testcase classname="tests.test_change_orders.TestCOList" name="test_client_own_project_ok" time="0.137" /><testcase classname="tests.test_change_orders.TestCOList" name="test_client_other_project_403" time="0.098" /><testcase classname="tests.test_change_orders.TestCOList" name="test_vendor_403" time="0.099" /><testcase classname="tests.test_change_orders.TestApprovalWorkflow" name="test_approve_requires_confirm" time="0.098" /><testcase classname="tests.test_change_orders.TestApprovalWorkflow" name="test_approve_success" time="0.106" /><testcase classname="tests.test_change_orders.TestApprovalWorkflow" name="test_finance_summary_reflects" time="0.170" /><testcase classname="tests.test_change_orders.TestApprovalWorkflow" name="test_approve_already_approved_422" time="0.097" /><testcase classname="tests.test_change_orders.TestRejectRevise" name="test_request_revision_needs_comment" time="0.319" /><testcase classname="tests.test_change_orders.TestRejectRevise" name="test_contractor_revise_adds_v2" time="0.102" /><testcase classname="tests.test_change_orders.TestRejectRevise" name="test_reject" time="0.225" /><testcase classname="tests.test_change_orders.TestBalanceSheet" name="test_balance_sheet_variation_entries" time="0.112" /></testsuite></testsuites>