<?xml version="1.0" encoding="utf-8"?><testsuites name="pytest tests"><testsuite name="pytest" errors="0" failures="0" skipped="0" tests="4" time="2.108" timestamp="2026-08-10T18:41:35.186674+00:00" hostname="agent-env-fbb890fb-02e3-401b-a019-5b524024d904"><testcase classname="tests.test_dashboard_charts" name="test_dashboard_charts_admin_shape" time="0.664" /><testcase classname="tests.test_dashboard_charts" name="test_dashboard_charts_milestone_seed" time="0.189" /><testcase classname="tests.test_dashboard_charts" name="test_client_scoping" time="0.636" /><testcase classname="tests.test_dashboard_charts" name="test_regression_projects_list" time="0.151" /></testsuite></testsuites>