<?xml version="1.0" encoding="utf-8"?><testsuites name="pytest tests"><testsuite name="pytest" errors="0" failures="0" skipped="0" tests="7" time="1.516" timestamp="2026-08-10T18:52:49.881946+00:00" hostname="agent-env-fbb890fb-02e3-401b-a019-5b524024d904"><testcase classname="tests.test_iter10_finance_categories.TestExpenseCategories" name="test_list_seed_categories" time="0.484" /><testcase classname="tests.test_iter10_finance_categories.TestRegressions" name="test_org_finance_dashboard" time="0.501" /><testcase classname="tests.test_iter10_finance_categories.TestExpenseCategories" name="test_create_and_duplicate_conflict" time="0.143" /><testcase classname="tests.test_iter10_finance_categories.TestRegressions" name="test_projects_list" time="0.076" /><testcase classname="tests.test_iter10_finance_categories.TestRegressions" name="test_project_invoices_list" time="0.071" /><testcase classname="tests.test_iter10_finance_categories.TestExpenseCategories" name="test_patch_renames_and_propagates_to_expenses" time="0.342" /><testcase classname="tests.test_iter10_finance_categories.TestProjectFinanceSummary" name="test_summary_has_new_year_window_fields" time="0.086" /></testsuite></testsuites>