<?xml version="1.0" encoding="utf-8"?><testsuites name="pytest tests"><testsuite name="pytest" errors="0" failures="0" skipped="0" tests="12" time="6.316" timestamp="2026-08-09T18:25:58.376754+00:00" hostname="agent-env-fbb890fb-02e3-401b-a019-5b524024d904"><testcase classname="tests.test_iter6_categories_and_se.TestCategories" name="test_admin_list_seeded" time="2.184" /><testcase classname="tests.test_iter6_categories_and_se.TestCategories" name="test_client_403" time="0.113" /><testcase classname="tests.test_iter6_categories_and_se.TestCategories" name="test_vendor_403" time="0.099" /><testcase classname="tests.test_iter6_categories_and_se.TestCategories" name="test_se_create_and_dedup_and_deactivate" time="0.588" /><testcase classname="tests.test_iter6_categories_and_se.TestEmployeeCategoryLink" name="test_create_and_patch" time="0.531" /><testcase classname="tests.test_iter6_categories_and_se.TestSEAccess" name="test_se_403_on_unassigned_project" time="0.305" /><testcase classname="tests.test_iter6_categories_and_se.TestSEAccess" name="test_se_200_on_assigned" time="0.309" /><testcase classname="tests.test_iter6_categories_and_se.TestSEAccess" name="test_se_wage_and_deactivate_gating" time="0.987" /><testcase classname="tests.test_iter6_categories_and_se.TestFullFlow" name="test_full_chain" time="0.829" /><testcase classname="tests.test_iter6_categories_and_se.TestRegression" name="test_admin_lists_p1_employees" time="0.099" /><testcase classname="tests.test_iter6_categories_and_se.TestRegression" name="test_labour_cost_still_works" time="0.098" /><testcase classname="tests.test_iter6_categories_and_se.TestRegression" name="test_client_still_403_on_employees" time="0.101" /></testsuite></testsuites>