<?xml version="1.0" encoding="utf-8"?><testsuites name="pytest tests"><testsuite name="pytest" errors="0" failures="0" skipped="0" tests="14" time="7.966" timestamp="2026-08-07T18:10:56.084486+00:00" hostname="agent-env-fbb890fb-02e3-401b-a019-5b524024d904"><testcase classname="tests.test_iter4_new_modules" name="test_clients_include_total_billed" time="0.594" /><testcase classname="tests.test_iter4_new_modules" name="test_clients_forbidden_for_client_role" time="0.453" /><testcase classname="tests.test_iter4_new_modules" name="test_bid_packages_orgwide_list" time="0.119" /><testcase classname="tests.test_iter4_new_modules" name="test_bid_packages_orgwide_forbidden_for_client" time="0.168" /><testcase classname="tests.test_iter4_new_modules" name="test_finance_dashboard_summary" time="0.130" /><testcase classname="tests.test_iter4_new_modules" name="test_finance_dashboard_forbidden_engineer" time="0.580" /><testcase classname="tests.test_iter4_new_modules" name="test_payroll_create_process_mark_paid" time="0.505" /><testcase classname="tests.test_iter4_new_modules" name="test_project_finance_flow" time="0.640" /><testcase classname="tests.test_iter4_new_modules" name="test_users_admin_lifecycle" time="2.386" /><testcase classname="tests.test_iter4_new_modules" name="test_users_admin_forbidden_for_non_admin" time="0.453" /><testcase classname="tests.test_iter4_new_modules" name="test_vendor_portal_packages" time="1.004" /><testcase classname="tests.test_iter4_new_modules" name="test_vendor_cannot_access_admin_endpoints" time="0.111" /><testcase classname="tests.test_iter4_new_modules" name="test_accountant_can_access_finance" time="0.236" /><testcase classname="tests.test_iter4_new_modules" name="test_client_cannot_access_finance" time="0.112" /></testsuite></testsuites>