<?xml version="1.0" encoding="utf-8"?><testsuites name="pytest tests"><testsuite name="pytest" errors="0" failures="0" skipped="0" tests="9" time="3.672" timestamp="2026-08-31T18:36:27.321612+00:00" hostname="agent-env-fbb890fb-02e3-401b-a019-5b524024d904"><testcase classname="tests.test_iter25_tenant_module_gating" name="test_superadmin_me_unrestricted" time="0.523" /><testcase classname="tests.test_iter25_tenant_module_gating" name="test_tenants_modules_endpoint" time="0.076" /><testcase classname="tests.test_iter25_tenant_module_gating" name="test_create_tenant_iso" time="0.307" /><testcase classname="tests.test_iter25_tenant_module_gating" name="test_iso_admin_effective_modules" time="0.415" /><testcase classname="tests.test_iter25_tenant_module_gating" name="test_patch_tenant_add_clients_reflects_next_login" time="0.462" /><testcase classname="tests.test_iter25_tenant_module_gating" name="test_iso_admin_isolation_clients" time="0.493" /><testcase classname="tests.test_iter25_tenant_module_gating" name="test_iso_admin_projects_isolation" time="0.499" /><testcase classname="tests.test_iter25_tenant_module_gating" name="test_iso_admin_cross_tenant_probe" time="0.474" /><testcase classname="tests.test_iter25_tenant_module_gating" name="test_cleanup_delete_iso_tenant" time="0.087" /></testsuite></testsuites>