<?xml version="1.0" encoding="utf-8"?><testsuites name="pytest tests"><testsuite name="pytest" errors="0" failures="1" skipped="0" tests="11" time="2.065" timestamp="2026-08-11T15:25:17.776754+00:00" hostname="agent-env-fbb890fb-02e3-401b-a019-5b524024d904"><testcase classname="tests.test_iter13_client_fieldops_rbac.TestClientFieldOpsRBAC" name="test_client_get_own_project_employees_masked" time="0.583" /><testcase classname="tests.test_iter13_client_fieldops_rbac.TestSiteEngineerRegression" name="test_se_get_project_employees_visible" time="0.756" /><testcase classname="tests.test_iter13_client_fieldops_rbac.TestClientFieldOpsRBAC" name="test_client_get_own_project_attendance" time="0.246" /><testcase classname="tests.test_iter13_client_fieldops_rbac.TestSiteEngineerRegression" name="test_se_get_attendance" time="0.131" /><testcase classname="tests.test_iter13_client_fieldops_rbac.TestClientFieldOpsRBAC" name="test_client_get_other_project_employees_forbidden" time="0.145" /><testcase classname="tests.test_iter13_client_fieldops_rbac.TestClientFieldOpsRBAC" name="test_client_post_attendance_forbidden" time="0.142" /><testcase classname="tests.test_iter13_client_fieldops_rbac.TestClientFieldOpsRBAC" name="test_client_post_employee_forbidden" time="0.136" /><testcase classname="tests.test_iter13_client_fieldops_rbac.TestClientFieldOpsRBAC" name="test_client_get_org_register_forbidden" time="0.115" /><testcase classname="tests.test_iter13_client_fieldops_rbac.TestAdminRegression" name="test_admin_get_all" time="0.508" /><testcase classname="tests.test_iter13_client_fieldops_rbac.TestAdminRegression" name="test_admin_org_register" time="0.150" /><testcase classname="tests.test_iter13_client_fieldops_rbac.TestBudgetCreate" name="test_admin_create_and_delete_project" time="0.117"><failure message="AssertionError: {&quot;detail&quot;:[{&quot;type&quot;:&quot;literal_error&quot;,&quot;loc&quot;:[&quot;body&quot;,&quot;status&quot;],&quot;msg&quot;:&quot;Input should be 'Planning', 'Ongoing', 'OnHold', 'Completed' or 'Cancelled'&quot;,&quot;input&quot;:&quot;ongoing&quot;,&quot;ctx&quot;:{&quot;expected&quot;:&quot;'Planning', 'Ongoing', 'OnHold', 'Completed' or 'Cancelled'&quot;},&quot;url&quot;:&quot;https://errors.pydantic.dev/2.13/v/literal_error&quot;}]}&#10;assert 422 in (200, 201)&#10; +  where 422 = &lt;Response [422]&gt;.status_code">backend/tests/test_iter13_client_fieldops_rbac.py:127: in test_admin_create_and_delete_project
    assert r.status_code in (200, 201), r.text
E   AssertionError: {"detail":[{"type":"literal_error","loc":["body","status"],"msg":"Input should be 'Planning', 'Ongoing', 'OnHold', 'Completed' or 'Cancelled'","input":"ongoing","ctx":{"expected":"'Planning', 'Ongoing', 'OnHold', 'Completed' or 'Cancelled'"},"url":"https://errors.pydantic.dev/2.13/v/literal_error"}]}
E   assert 422 in (200, 201)
E    +  where 422 = &lt;Response [422]&gt;.status_code</failure></testcase></testsuite></testsuites>