<?xml version="1.0" encoding="utf-8"?><testsuites name="pytest tests"><testsuite name="pytest" errors="0" failures="0" skipped="0" tests="4" time="5.144" timestamp="2026-08-17T16:36:17.776114+00:00" hostname="agent-env-fbb890fb-02e3-401b-a019-5b524024d904"><testcase classname="tests.test_iter23_absolute_urls.TestAbsoluteUrls" name="test_urls_absolute_https" time="1.992" /><testcase classname="tests.test_iter23_absolute_urls.TestAbsoluteUrls" name="test_email_error_populated_when_smtp_fails" time="0.893" /><testcase classname="tests.test_iter23_absolute_urls.TestAbsoluteUrls" name="test_origin_header_still_absolute" time="0.904" /><testcase classname="tests.test_iter23_absolute_urls.TestAbsoluteUrls" name="test_public_link_actually_works" time="1.255" /></testsuite></testsuites>