<?xml version="1.0" encoding="utf-8"?><testsuites name="pytest tests"><testsuite name="pytest" errors="0" failures="0" skipped="0" tests="8" time="2.575" timestamp="2026-08-10T19:27:23.049512+00:00" hostname="agent-env-fbb890fb-02e3-401b-a019-5b524024d904"><testcase classname="tests.test_iter12_balance_sheet.TestOrgBalanceSheet" name="test_admin_ok" time="0.614" /><testcase classname="tests.test_iter12_balance_sheet.TestProjectBalanceSheet" name="test_admin_ok" time="0.608" /><testcase classname="tests.test_iter12_balance_sheet.TestProjectBalanceSheet" name="test_engineer_ok" time="0.559" /><testcase classname="tests.test_iter12_balance_sheet.TestOrgBalanceSheet" name="test_accountant_ok" time="0.545" /><testcase classname="tests.test_iter12_balance_sheet.TestOrgBalanceSheet" name="test_engineer_forbidden" time="0.461" /><testcase classname="tests.test_iter12_balance_sheet.TestProjectBalanceSheet" name="test_client_forbidden" time="0.501" /><testcase classname="tests.test_iter12_balance_sheet.TestProjectBalanceSheet" name="test_project_not_found" time="0.146" /><testcase classname="tests.test_iter12_balance_sheet.TestOrgBalanceSheet" name="test_client_forbidden" time="0.474" /></testsuite></testsuites>