<?xml version="1.0" encoding="utf-8"?><testsuites name="pytest tests"><testsuite name="pytest" errors="0" failures="0" skipped="0" tests="9" time="2.863" timestamp="2026-08-10T19:08:34.971023+00:00" hostname="agent-env-fbb890fb-02e3-401b-a019-5b524024d904"><testcase classname="tests.test_iter11_new_flows.TestProjectLedger" name="test_ledger[1]" time="0.485" /><testcase classname="tests.test_iter11_new_flows.TestProjectLedger" name="test_ledger[2]" time="0.075" /><testcase classname="tests.test_iter11_new_flows.TestRegression" name="test_project_scoped_employee_create" time="0.581" /><testcase classname="tests.test_iter11_new_flows.TestProjectLedger" name="test_ledger[3]" time="0.114" /><testcase classname="tests.test_iter11_new_flows.TestFinance004" name="test_finance_summary_profit_last_year" time="0.087" /><testcase classname="tests.test_iter11_new_flows.TestVendorCreate" name="test_create_and_list_vendor" time="0.156" /><testcase classname="tests.test_iter11_new_flows.TestRegression" name="test_se_forbidden_project4" time="0.720" /><testcase classname="tests.test_iter11_new_flows.TestRegression" name="test_se_wage_patch_forbidden" time="0.219" /><testcase classname="tests.test_iter11_new_flows.TestFieldOps001" name="test_org_wide_employee_and_phase_assignment" time="1.004" /></testsuite></testsuites>