<?xml version="1.0" encoding="utf-8"?><testsuites name="pytest tests"><testsuite name="pytest" errors="0" failures="0" skipped="0" tests="44" time="19.462" timestamp="2026-08-16T09:16:17.704848+00:00" hostname="agent-env-fbb890fb-02e3-401b-a019-5b524024d904"><testcase classname="tests.test_iter19_exports_and_sweep.TestCOExport" name="test_admin_export_pdf" time="0.492" /><testcase classname="tests.test_iter19_exports_and_sweep.TestCOExport" name="test_admin_export_xlsx" time="0.439" /><testcase classname="tests.test_iter19_exports_and_sweep.TestCOExport" name="test_client_priya_owner_export_pdf" time="0.420" /><testcase classname="tests.test_iter19_exports_and_sweep.TestCOExport" name="test_client_arun_other_project_forbidden" time="0.410" /><testcase classname="tests.test_iter19_exports_and_sweep.TestCOExport" name="test_export_with_filters" time="0.776" /><testcase classname="tests.test_iter19_exports_and_sweep.TestUpload" name="test_admin_upload_png" time="0.457" /><testcase classname="tests.test_iter19_exports_and_sweep.TestUpload" name="test_se_upload_png" time="0.418" /><testcase classname="tests.test_iter19_exports_and_sweep.TestUpload" name="test_client_upload_forbidden" time="0.419" /><testcase classname="tests.test_iter19_exports_and_sweep.TestAdminSweep" name="test_admin_endpoint[/api/auth/me]" time="0.427" /><testcase classname="tests.test_iter19_exports_and_sweep.TestAdminSweep" name="test_admin_endpoint[/api/projects]" time="0.426" /><testcase classname="tests.test_iter19_exports_and_sweep.TestAdminSweep" name="test_admin_endpoint[/api/projects/1]" time="0.452" /><testcase classname="tests.test_iter19_exports_and_sweep.TestAdminSweep" name="test_admin_endpoint[/api/projects/1/phases]" time="0.424" /><testcase classname="tests.test_iter19_exports_and_sweep.TestAdminSweep" name="test_admin_endpoint[/api/projects/1/change-orders]" time="0.478" /><testcase classname="tests.test_iter19_exports_and_sweep.TestAdminSweep" name="test_admin_endpoint[/api/projects/1/finance/summary]" time="0.430" /><testcase classname="tests.test_iter19_exports_and_sweep.TestAdminSweep" name="test_admin_endpoint[/api/projects/1/balance-sheet]" time="0.440" /><testcase classname="tests.test_iter19_exports_and_sweep.TestAdminSweep" name="test_admin_endpoint[/api/projects/1/employees]" time="0.418" /><testcase classname="tests.test_iter19_exports_and_sweep.TestAdminSweep" name="test_admin_endpoint[/api/projects/1/procurement/dashboard-summary]" time="0.426" /><testcase classname="tests.test_iter19_exports_and_sweep.TestAdminSweep" name="test_admin_endpoint[/api/clients]" time="0.426" /><testcase classname="tests.test_iter19_exports_and_sweep.TestAdminSweep" name="test_admin_endpoint[/api/clients/1]" time="0.475" /><testcase classname="tests.test_iter19_exports_and_sweep.TestAdminSweep" name="test_admin_endpoint[/api/finance/dashboard-summary]" time="0.431" /><testcase classname="tests.test_iter19_exports_and_sweep.TestAdminSweep" name="test_admin_endpoint[/api/finance/balance-sheet]" time="0.431" /><testcase classname="tests.test_iter19_exports_and_sweep.TestAdminSweep" name="test_admin_endpoint[/api/payroll-runs]" time="0.430" /><testcase classname="tests.test_iter19_exports_and_sweep.TestAdminSweep" name="test_admin_endpoint[/api/users]" time="0.505" /><testcase classname="tests.test_iter19_exports_and_sweep.TestAdminSweep" name="test_admin_endpoint[/api/vendors]" time="0.423" /><testcase classname="tests.test_iter19_exports_and_sweep.TestAdminSweep" name="test_admin_endpoint[/api/notifications]" time="0.413" /><testcase classname="tests.test_iter19_exports_and_sweep.TestClientSweep" name="test_client_endpoint[/api/auth/me]" time="0.408" /><testcase classname="tests.test_iter19_exports_and_sweep.TestClientSweep" name="test_client_endpoint[/api/projects]" time="0.478" /><testcase classname="tests.test_iter19_exports_and_sweep.TestClientSweep" name="test_client_endpoint[/api/projects/1]" time="0.425" /><testcase classname="tests.test_iter19_exports_and_sweep.TestClientSweep" name="test_client_endpoint[/api/projects/1/change-orders]" time="0.431" /><testcase classname="tests.test_iter19_exports_and_sweep.TestClientSweep" name="test_client_endpoint[/api/projects/1/finance/summary]" time="0.413" /><testcase classname="tests.test_iter19_exports_and_sweep.TestClientSweep" name="test_client_endpoint[/api/projects/1/balance-sheet]" time="0.429" /><testcase classname="tests.test_iter19_exports_and_sweep.TestClientSweep" name="test_client_endpoint[/api/invoices]" time="0.410" /><testcase classname="tests.test_iter19_exports_and_sweep.TestClientSweep" name="test_client_endpoint[/api/notifications]" time="0.422" /><testcase classname="tests.test_iter19_exports_and_sweep.TestSESweep" name="test_se_endpoint[/api/auth/me]" time="0.414" /><testcase classname="tests.test_iter19_exports_and_sweep.TestSESweep" name="test_se_endpoint[/api/projects]" time="0.452" /><testcase classname="tests.test_iter19_exports_and_sweep.TestSESweep" name="test_se_endpoint[/api/projects/1]" time="0.427" /><testcase classname="tests.test_iter19_exports_and_sweep.TestSESweep" name="test_se_endpoint[/api/projects/1/phases]" time="0.413" /><testcase classname="tests.test_iter19_exports_and_sweep.TestSESweep" name="test_se_endpoint[/api/projects/1/change-orders]" time="0.421" /><testcase classname="tests.test_iter19_exports_and_sweep.TestSESweep" name="test_se_endpoint[/api/projects/1/tracking]" time="0.415" /><testcase classname="tests.test_iter19_exports_and_sweep.TestSESweep" name="test_se_endpoint[/api/notifications]" time="0.463" /><testcase classname="tests.test_iter19_exports_and_sweep.TestVendorSweep" name="test_vendor_endpoint[/api/auth/me]" time="0.418" /><testcase classname="tests.test_iter19_exports_and_sweep.TestVendorSweep" name="test_vendor_endpoint[/api/vendor/dashboard]" time="0.419" /><testcase classname="tests.test_iter19_exports_and_sweep.TestVendorSweep" name="test_vendor_endpoint[/api/vendor/bid-packages]" time="0.424" /><testcase classname="tests.test_iter19_exports_and_sweep.TestVendorSweep" name="test_vendor_endpoint[/api/notifications]" time="0.415" /></testsuite></testsuites>