<?xml version="1.0" encoding="utf-8"?><testsuites name="pytest tests"><testsuite name="pytest" errors="0" failures="0" skipped="0" tests="61" time="23.864" timestamp="2026-08-16T10:29:49.711587+00:00" hostname="agent-env-fbb890fb-02e3-401b-a019-5b524024d904"><testcase classname="tests.test_iter20_transactions" name="test_income_closed_project_blocked" time="0.462" /><testcase classname="tests.test_change_orders.TestCOCreation" name="test_se_create_draft" time="1.708" /><testcase classname="tests.test_change_orders.TestCOCreation" name="test_se_create_submitted" time="0.107" /><testcase classname="tests.test_change_orders.TestCOCreation" name="test_invalid_category" time="0.149" /><testcase classname="tests.test_change_orders.TestCOCreation" name="test_phase_from_other_project" time="0.202" /><testcase classname="tests.test_change_orders.TestCOList" name="test_admin_list" time="0.099" /><testcase classname="tests.test_change_orders.TestCOList" name="test_client_own_project_ok" time="0.099" /><testcase classname="tests.test_change_orders.TestCOList" name="test_client_other_project_403" time="0.094" /><testcase classname="tests.test_change_orders.TestCOList" name="test_vendor_403" time="0.099" /><testcase classname="tests.test_change_orders.TestApprovalWorkflow" name="test_approve_requires_confirm" time="0.098" /><testcase classname="tests.test_change_orders.TestApprovalWorkflow" name="test_approve_success" time="0.104" /><testcase classname="tests.test_change_orders.TestApprovalWorkflow" name="test_finance_summary_reflects" time="0.111" /><testcase classname="tests.test_change_orders.TestApprovalWorkflow" name="test_approve_already_approved_422" time="0.102" /><testcase classname="tests.test_change_orders.TestRejectRevise" name="test_request_revision_needs_comment" time="0.303" /><testcase classname="tests.test_change_orders.TestRejectRevise" name="test_contractor_revise_adds_v2" time="0.104" /><testcase classname="tests.test_change_orders.TestRejectRevise" name="test_reject" time="0.204" /><testcase classname="tests.test_change_orders.TestBalanceSheet" name="test_balance_sheet_variation_entries" time="0.110" /><testcase classname="tests.test_iter19_exports_and_sweep.TestCOExport" name="test_admin_export_pdf" time="0.433" /><testcase classname="tests.test_iter19_exports_and_sweep.TestCOExport" name="test_admin_export_xlsx" time="0.430" /><testcase classname="tests.test_iter19_exports_and_sweep.TestCOExport" name="test_client_priya_owner_export_pdf" time="0.481" /><testcase classname="tests.test_iter19_exports_and_sweep.TestCOExport" name="test_client_arun_other_project_forbidden" time="0.417" /><testcase classname="tests.test_iter19_exports_and_sweep.TestCOExport" name="test_export_with_filters" time="0.727" /><testcase classname="tests.test_iter19_exports_and_sweep.TestUpload" name="test_admin_upload_png" time="0.417" /><testcase classname="tests.test_iter19_exports_and_sweep.TestUpload" name="test_se_upload_png" time="0.414" /><testcase classname="tests.test_iter19_exports_and_sweep.TestUpload" name="test_client_upload_forbidden" time="0.466" /><testcase classname="tests.test_iter19_exports_and_sweep.TestAdminSweep" name="test_admin_endpoint[/api/auth/me]" time="0.437" /><testcase classname="tests.test_iter19_exports_and_sweep.TestAdminSweep" name="test_admin_endpoint[/api/projects]" time="0.441" /><testcase classname="tests.test_iter19_exports_and_sweep.TestAdminSweep" name="test_admin_endpoint[/api/projects/1]" time="0.457" /><testcase classname="tests.test_iter19_exports_and_sweep.TestAdminSweep" name="test_admin_endpoint[/api/projects/1/phases]" time="0.421" /><testcase classname="tests.test_iter19_exports_and_sweep.TestAdminSweep" name="test_admin_endpoint[/api/projects/1/change-orders]" time="0.507" /><testcase classname="tests.test_iter19_exports_and_sweep.TestAdminSweep" name="test_admin_endpoint[/api/projects/1/finance/summary]" time="0.433" /><testcase classname="tests.test_iter19_exports_and_sweep.TestAdminSweep" name="test_admin_endpoint[/api/projects/1/balance-sheet]" time="0.434" /><testcase classname="tests.test_iter19_exports_and_sweep.TestAdminSweep" name="test_admin_endpoint[/api/projects/1/employees]" time="0.465" /><testcase classname="tests.test_iter19_exports_and_sweep.TestAdminSweep" name="test_admin_endpoint[/api/projects/1/procurement/dashboard-summary]" time="0.427" /><testcase classname="tests.test_iter19_exports_and_sweep.TestAdminSweep" name="test_admin_endpoint[/api/clients]" time="0.426" /><testcase classname="tests.test_iter19_exports_and_sweep.TestAdminSweep" name="test_admin_endpoint[/api/clients/1]" time="0.435" /><testcase classname="tests.test_iter19_exports_and_sweep.TestAdminSweep" name="test_admin_endpoint[/api/finance/dashboard-summary]" time="0.536" /><testcase classname="tests.test_iter19_exports_and_sweep.TestAdminSweep" name="test_admin_endpoint[/api/finance/balance-sheet]" time="0.449" /><testcase classname="tests.test_iter19_exports_and_sweep.TestAdminSweep" name="test_admin_endpoint[/api/payroll-runs]" time="0.430" /><testcase classname="tests.test_iter19_exports_and_sweep.TestAdminSweep" name="test_admin_endpoint[/api/users]" time="0.426" /><testcase classname="tests.test_iter19_exports_and_sweep.TestAdminSweep" name="test_admin_endpoint[/api/vendors]" time="0.498" /><testcase classname="tests.test_iter19_exports_and_sweep.TestAdminSweep" name="test_admin_endpoint[/api/notifications]" time="0.427" /><testcase classname="tests.test_iter19_exports_and_sweep.TestClientSweep" name="test_client_endpoint[/api/auth/me]" time="0.419" /><testcase classname="tests.test_iter19_exports_and_sweep.TestClientSweep" name="test_client_endpoint[/api/projects]" time="0.427" /><testcase classname="tests.test_iter19_exports_and_sweep.TestClientSweep" name="test_client_endpoint[/api/projects/1]" time="0.468" /><testcase classname="tests.test_iter19_exports_and_sweep.TestClientSweep" name="test_client_endpoint[/api/projects/1/change-orders]" time="0.423" /><testcase classname="tests.test_iter19_exports_and_sweep.TestClientSweep" name="test_client_endpoint[/api/projects/1/finance/summary]" time="0.422" /><testcase classname="tests.test_iter19_exports_and_sweep.TestClientSweep" name="test_client_endpoint[/api/projects/1/balance-sheet]" time="0.415" /><testcase classname="tests.test_iter19_exports_and_sweep.TestClientSweep" name="test_client_endpoint[/api/invoices]" time="0.436" /><testcase classname="tests.test_iter19_exports_and_sweep.TestClientSweep" name="test_client_endpoint[/api/notifications]" time="0.413" /><testcase classname="tests.test_iter19_exports_and_sweep.TestSESweep" name="test_se_endpoint[/api/auth/me]" time="0.415" /><testcase classname="tests.test_iter19_exports_and_sweep.TestSESweep" name="test_se_endpoint[/api/projects]" time="0.419" /><testcase classname="tests.test_iter19_exports_and_sweep.TestSESweep" name="test_se_endpoint[/api/projects/1]" time="0.470" /><testcase classname="tests.test_iter19_exports_and_sweep.TestSESweep" name="test_se_endpoint[/api/projects/1/phases]" time="0.460" /><testcase classname="tests.test_iter19_exports_and_sweep.TestSESweep" name="test_se_endpoint[/api/projects/1/change-orders]" time="0.415" /><testcase classname="tests.test_iter19_exports_and_sweep.TestSESweep" name="test_se_endpoint[/api/projects/1/tracking]" time="0.417" /><testcase classname="tests.test_iter19_exports_and_sweep.TestSESweep" name="test_se_endpoint[/api/notifications]" time="0.413" /><testcase classname="tests.test_iter19_exports_and_sweep.TestVendorSweep" name="test_vendor_endpoint[/api/auth/me]" time="0.458" /><testcase classname="tests.test_iter19_exports_and_sweep.TestVendorSweep" name="test_vendor_endpoint[/api/vendor/dashboard]" time="0.428" /><testcase classname="tests.test_iter19_exports_and_sweep.TestVendorSweep" name="test_vendor_endpoint[/api/vendor/bid-packages]" time="0.415" /><testcase classname="tests.test_iter19_exports_and_sweep.TestVendorSweep" name="test_vendor_endpoint[/api/notifications]" time="0.418" /></testsuite></testsuites>