<?xml version="1.0" encoding="utf-8"?><testsuites name="pytest tests"><testsuite name="pytest" errors="0" failures="0" skipped="0" tests="14" time="13.899" timestamp="2026-08-17T15:19:38.262663+00:00" hostname="agent-env-fbb890fb-02e3-401b-a019-5b524024d904"><testcase classname="tests.test_iter22_estimate_approval.TestTokenSecurity" name="test_wrong_token_403" time="2.139" /><testcase classname="tests.test_iter22_estimate_approval.TestTokenSecurity" name="test_reuse_token_410" time="1.220" /><testcase classname="tests.test_iter22_estimate_approval.TestTokenSecurity" name="test_public_view_ok" time="1.012" /><testcase classname="tests.test_iter22_estimate_approval.TestTokenSecurity" name="test_public_reject_with_reason" time="1.671" /><testcase classname="tests.test_iter22_estimate_approval.TestResend" name="test_resend_resets_state_and_invalidates_old_token" time="1.772" /><testcase classname="tests.test_iter22_estimate_approval.TestManualDecisionRBAC" name="test_client_forbidden" time="0.712" /><testcase classname="tests.test_iter22_estimate_approval.TestManualDecisionRBAC" name="test_vendor_forbidden" time="0.653" /><testcase classname="tests.test_iter22_estimate_approval.TestManualDecisionRBAC" name="test_accountant_can_approve" time="0.732" /><testcase classname="tests.test_iter22_estimate_approval.TestManualDecisionRBAC" name="test_invalid_action_422" time="0.307" /><testcase classname="tests.test_iter22_estimate_approval.TestLinkProject" name="test_link_requires_approved" time="0.526" /><testcase classname="tests.test_iter22_estimate_approval.TestLinkProject" name="test_link_success_then_prevent_double_link_and_send" time="0.900" /><testcase classname="tests.test_iter22_estimate_approval.TestLinkProject" name="test_link_missing_project_404" time="0.431" /><testcase classname="tests.test_iter22_estimate_approval.TestLinkProject" name="test_link_rbac_accountant_forbidden" time="0.471" /><testcase classname="tests.test_iter22_estimate_approval.TestAuditEvents" name="test_events_actor_attributed" time="1.169" /></testsuite></testsuites>