<?xml version="1.0" encoding="utf-8"?><testsuites name="pytest tests"><testsuite name="pytest" errors="0" failures="0" skipped="0" tests="17" time="3.611" timestamp="2026-08-07T16:48:55.474972+00:00" hostname="agent-env-fbb890fb-02e3-401b-a019-5b524024d904"><testcase classname="tests.test_procurement.TestVendors" name="test_list_vendors" time="0.793" /><testcase classname="tests.test_procurement.TestProcDocs" name="test_upload_default_internal" time="0.820" /><testcase classname="tests.test_procurement.TestVendors" name="test_expiring_insurance_filter" time="0.100" /><testcase classname="tests.test_procurement.TestVendors" name="test_trade_filter" time="0.048" /><testcase classname="tests.test_procurement.TestVendors" name="test_prequalified_filter" time="0.053" /><testcase classname="tests.test_procurement.TestVendors" name="test_vendor_doc_upload_coi" time="0.163" /><testcase classname="tests.test_procurement.TestDashboard" name="test_summary_fields" time="0.108" /><testcase classname="tests.test_procurement.TestProcDocs" name="test_client_scoped_only_visible" time="0.726" /><testcase classname="tests.test_procurement.TestDashboard" name="test_commitments_over_budget_filter" time="0.055" /><testcase classname="tests.test_procurement.TestDashboard" name="test_commitments_open_status_filter" time="0.053" /><testcase classname="tests.test_procurement.TestDashboard" name="test_insurance_gate_po_zenith" time="0.120" /><testcase classname="tests.test_procurement.TestBidFlow" name="test_bid_flow_end_to_end" time="0.529" /><testcase classname="tests.test_procurement.TestProcDocs" name="test_rename_engineer_ok_delete_admin_only" time="0.656" /><testcase classname="tests.test_procurement.TestBidFlow" name="test_award_subcontract_commitment_type" time="0.392" /><testcase classname="tests.test_procurement.TestProcDocs" name="test_search_and_category_filter" time="0.200" /><testcase classname="tests.test_procurement.TestDeliveries" name="test_delivery_crud" time="0.217" /><testcase classname="tests.test_procurement.TestChangeOrderPerms" name="test_engineer_cannot_approve_co" time="0.619" /></testsuite></testsuites>