<?xml version="1.0" encoding="utf-8"?><testsuites name="pytest tests"><testsuite name="pytest" errors="0" failures="0" skipped="0" tests="11" time="1.635" timestamp="2026-08-09T18:06:07.347315+00:00" hostname="agent-env-fbb890fb-02e3-401b-a019-5b524024d904"><testcase classname="tests.test_iter5_employees" name="test_list_employees_admin_p1" time="1.154" /><testcase classname="tests.test_iter5_employees" name="test_client_and_vendor_forbidden" time="0.014" /><testcase classname="tests.test_iter5_employees" name="test_accountant_can_create_employee" time="0.012" /><testcase classname="tests.test_iter5_employees" name="test_cross_project_isolation" time="0.008" /><testcase classname="tests.test_iter5_employees" name="test_edit_and_deactivate" time="0.024" /><testcase classname="tests.test_iter5_employees" name="test_attendance_upsert_no_duplicate" time="0.020" /><testcase classname="tests.test_iter5_employees" name="test_engineer_backdate_beyond_3_days_rejected" time="0.007" /><testcase classname="tests.test_iter5_employees" name="test_admin_can_backdate_beyond_3_days" time="0.009" /><testcase classname="tests.test_iter5_employees" name="test_engineer_today_and_3days_back_allowed" time="0.014" /><testcase classname="tests.test_iter5_employees" name="test_labour_cost_math" time="0.029" /><testcase classname="tests.test_iter5_employees" name="test_labour_cost_accountant_ok" time="0.004" /></testsuite></testsuites>