<?xml version="1.0" encoding="utf-8"?><testsuites name="pytest tests"><testsuite name="pytest" errors="0" failures="0" skipped="0" tests="20" time="4.637" timestamp="2026-08-07T04:51:29.012750+00:00" hostname="agent-env-fbb890fb-02e3-401b-a019-5b524024d904"><testcase classname="tests.test_new_features.TestDashboardSummary" name="test_admin_summary_shape_and_values" time="0.687" /><testcase classname="tests.test_new_features.TestDocuments" name="test_upload_custom_name" time="0.700" /><testcase classname="tests.test_new_features.TestDocuments" name="test_upload_blank_name_defaults_to_filename" time="0.223" /><testcase classname="tests.test_new_features.TestDocuments" name="test_list_search_and_filter" time="0.226" /><testcase classname="tests.test_new_features.TestDashboardSummary" name="test_client_summary_is_scoped" time="0.465" /><testcase classname="tests.test_new_features.TestDocuments" name="test_get_document_includes_download_url" time="0.099" /><testcase classname="tests.test_new_features.TestDashboardSummary" name="test_summary_requires_auth" time="0.146" /><testcase classname="tests.test_new_features.TestDocuments" name="test_patch_rename_and_category" time="0.104" /><testcase classname="tests.test_new_features.TestMilestones" name="test_create_done_sets_completed_at" time="0.329" /><testcase classname="tests.test_new_features.TestMilestones" name="test_list_ordered_by_sequence_order" time="0.349" /><testcase classname="tests.test_new_features.TestMilestones" name="test_patch_status_updates_completed_at" time="0.336" /><testcase classname="tests.test_new_features.TestDocuments" name="test_delete_admin_only" time="1.146" /><testcase classname="tests.test_new_features.TestHasIssuesFilter" name="test_has_issues_true" time="0.141" /><testcase classname="tests.test_new_features.TestHasIssuesFilter" name="test_has_issues_false_excludes_flagged" time="0.109" /><testcase classname="tests.test_new_features.TestDocuments" name="test_client_scoped_hides_internal" time="0.650" /><testcase classname="tests.test_new_features.TestPhaseReorder" name="test_invalid_partial_ids_returns_422" time="0.250" /><testcase classname="tests.test_new_features.TestPhaseReorder" name="test_reorder_all_ids_updates_sequence" time="0.411" /><testcase classname="tests.test_new_features.TestDocuments" name="test_cleanup_uploaded" time="0.101" /><testcase classname="tests.test_new_features.TestArchiveAndDeleteUpdate" name="test_archive_admin_only" time="0.436" /><testcase classname="tests.test_new_features.TestArchiveAndDeleteUpdate" name="test_delete_update_client_forbidden" time="0.405" /></testsuite></testsuites>