<?xml version="1.0" encoding="utf-8"?><testsuites name="pytest tests"><testsuite name="pytest" errors="0" failures="0" skipped="0" tests="22" time="4.236" timestamp="2026-08-17T11:40:08.750685+00:00" hostname="agent-env-fbb890fb-02e3-401b-a019-5b524024d904"><testcase classname="tests.test_iter21_estimates.TestLookups" name="test_categories_seeded" time="0.550" /><testcase classname="tests.test_iter21_estimates.TestLookups" name="test_statuses_seeded" time="0.049" /><testcase classname="tests.test_iter21_estimates.TestLookups" name="test_category_dedup_ci" time="0.100" /><testcase classname="tests.test_iter21_estimates.TestLookups" name="test_status_dedup_ci" time="0.094" /><testcase classname="tests.test_iter21_estimates.TestRBAC" name="test_admin_list" time="0.048" /><testcase classname="tests.test_iter21_estimates.TestRBAC" name="test_accountant_list" time="0.499" /><testcase classname="tests.test_iter21_estimates.TestRBAC" name="test_engineer_list" time="0.422" /><testcase classname="tests.test_iter21_estimates.TestRBAC" name="test_client_forbidden" time="0.366" /><testcase classname="tests.test_iter21_estimates.TestRBAC" name="test_vendor_forbidden" time="0.402" /><testcase classname="tests.test_iter21_estimates.TestRBAC" name="test_client_cats_forbidden" time="0.051" /><testcase classname="tests.test_iter21_estimates.TestRBAC" name="test_vendor_statuses_forbidden" time="0.057" /><testcase classname="tests.test_iter21_estimates.TestEstimateCRUD" name="test_create_and_persist" time="0.191" /><testcase classname="tests.test_iter21_estimates.TestEstimateCRUD" name="test_missing_project_name_422" time="0.138" /><testcase classname="tests.test_iter21_estimates.TestEstimateCRUD" name="test_amount_zero_422" time="0.134" /><testcase classname="tests.test_iter21_estimates.TestEstimateCRUD" name="test_amount_negative_422" time="0.132" /><testcase classname="tests.test_iter21_estimates.TestEstimateCRUD" name="test_invalid_category" time="0.173" /><testcase classname="tests.test_iter21_estimates.TestEstimateCRUD" name="test_delete_as_engineer_forbidden" time="0.250" /><testcase classname="tests.test_iter21_estimates.TestEstimateCRUD" name="test_delete_as_admin_204" time="0.223" /><testcase classname="tests.test_iter21_estimates.TestEstimateCRUD" name="test_delete_missing_404" time="0.047" /><testcase classname="tests.test_iter21_estimates.TestUploads" name="test_accountant_can_upload" time="0.067" /><testcase classname="tests.test_iter21_estimates.TestUploads" name="test_engineer_can_upload" time="0.064" /><testcase classname="tests.test_iter21_estimates.TestUploads" name="test_client_upload_forbidden" time="0.046" /></testsuite></testsuites>