<?xml version="1.0" encoding="utf-8"?><testsuites name="pytest tests"><testsuite name="pytest" errors="0" failures="0" skipped="0" tests="14" time="1.706" timestamp="2026-08-18T18:10:07.199916+00:00" hostname="agent-env-fbb890fb-02e3-401b-a019-5b524024d904"><testcase classname="tests.test_iter24_quotations_v2.TestProducts" name="test_create_list_get_patch" time="0.272" /><testcase classname="tests.test_iter24_quotations_v2.TestProducts" name="test_delete_blocked_when_in_quotation" time="0.030" /><testcase classname="tests.test_iter24_quotations_v2.TestQuotations" name="test_create_computes_total_and_lists" time="0.030" /><testcase classname="tests.test_iter24_quotations_v2.TestQuotations" name="test_zero_line_items_rejected" time="0.004" /><testcase classname="tests.test_iter24_quotations_v2.TestQuotations" name="test_invalid_vendor_and_product" time="0.008" /><testcase classname="tests.test_iter24_quotations_v2.TestQuotations" name="test_print_html" time="0.015" /><testcase classname="tests.test_iter24_quotations_v2.TestSend" name="test_whatsapp_sends_and_logs" time="0.020" /><testcase classname="tests.test_iter24_quotations_v2.TestSend" name="test_email_attempt_logs_even_on_failure" time="0.666" /><testcase classname="tests.test_iter24_quotations_v2.TestSend" name="test_no_phone_error" time="0.025" /><testcase classname="tests.test_iter24_quotations_v2.TestSend" name="test_edit_phone_then_resend" time="0.010" /><testcase classname="tests.test_iter24_quotations_v2.TestVendorPayments" name="test_engineer_forbidden" time="0.231" /><testcase classname="tests.test_iter24_quotations_v2.TestVendorPayments" name="test_accountant_creates_and_balance_sheet_reflects" time="0.281" /><testcase classname="tests.test_iter24_quotations_v2.TestVendorPayments" name="test_org_balance_sheet_includes_vendor_payments" time="0.024" /><testcase classname="tests.test_iter24_quotations_v2.TestVendorPayments" name="test_project_finance_summary" time="0.011" /></testsuite></testsuites>