<?xml version="1.0" encoding="utf-8"?><testsuites name="pytest tests"><testsuite name="pytest" errors="0" failures="0" skipped="0" tests="9" time="3.058" timestamp="2026-08-16T07:58:41.654870+00:00" hostname="agent-env-fbb890fb-02e3-401b-a019-5b524024d904"><testcase classname="tests.test_phase_notes" name="test_create_phase_with_description_returns_note" time="0.655" /><testcase classname="tests.test_phase_notes" name="test_list_phases_returns_notes" time="0.150" /><testcase classname="tests.test_phase_notes" name="test_edit_phase_appends_note_newest_first" time="0.111" /><testcase classname="tests.test_phase_notes" name="test_edit_empty_description_no_new_note" time="0.101" /><testcase classname="tests.test_phase_notes" name="test_edit_empty_string_description_no_new_note" time="0.101" /><testcase classname="tests.test_phase_notes" name="test_site_engineer_receives_phasenote_notification" time="0.423" /><testcase classname="tests.test_phase_notes" name="test_admin_receives_phasenote_when_se_creates" time="0.389" /><testcase classname="tests.test_phase_notes" name="test_add_phase_without_description" time="0.297" /><testcase classname="tests.test_phase_notes" name="test_delete_phase_with_notes_returns_204" time="0.487" /></testsuite></testsuites>