<?xml version="1.0" encoding="utf-8"?><testsuites name="pytest tests"><testsuite name="pytest" errors="0" failures="0" skipped="0" tests="9" time="3.075" timestamp="2026-08-16T07:54:33.048113+00:00" hostname="agent-env-fbb890fb-02e3-401b-a019-5b524024d904"><testcase classname="tests.test_phase_notes" name="test_create_phase_with_description_returns_note" time="0.722" /><testcase classname="tests.test_phase_notes" name="test_list_phases_returns_notes" time="0.098" /><testcase classname="tests.test_phase_notes" name="test_edit_phase_appends_note_newest_first" time="0.110" /><testcase classname="tests.test_phase_notes" name="test_edit_empty_description_no_new_note" time="0.114" /><testcase classname="tests.test_phase_notes" name="test_edit_empty_string_description_no_new_note" time="0.101" /><testcase classname="tests.test_phase_notes" name="test_site_engineer_receives_phasenote_notification" time="0.420" /><testcase classname="tests.test_phase_notes" name="test_admin_receives_phasenote_when_se_creates" time="0.397" /><testcase classname="tests.test_phase_notes" name="test_add_phase_without_description" time="0.301" /><testcase classname="tests.test_phase_notes" name="test_delete_phase_with_notes_returns_204" time="0.505" /></testsuite></testsuites>